login/app/build/outputs/logs/manifest-merger-debug-report.txt
-- Merging decision tree log ---
manifest
ADDED from src/main/AndroidManifest.xml:2:1-59:12
	package
		ADDED from src/main/AndroidManifest.xml:3:5-42
		INJECTED from src/main/AndroidManifest.xml
		INJECTED from src/main/AndroidManifest.xml
	android:versionName
		ADDED from src/main/AndroidManifest.xml:6:5-30
		INJECTED from src/main/AndroidManifest.xml
		INJECTED from src/main/AndroidManifest.xml
	android:versionCode
		ADDED from src/main/AndroidManifest.xml:5:5-28
		INJECTED from src/main/AndroidManifest.xml
		INJECTED from src/main/AndroidManifest.xml
	xmlns:android
		ADDED from src/main/AndroidManifest.xml:2:11-69
	android:installLocation
		ADDED from src/main/AndroidManifest.xml:4:5-45
uses-sdk
ADDED from src/main/AndroidManifest.xml:8:5-10:41
MERGED from [com.android.volley:volley:1.0.0] AndroidManifest.xml:7:5-43
MERGED from [com.android.support:design:23.2.1] AndroidManifest.xml:20:5-43
MERGED from [com.android.support:support-v4:23.2.1] AndroidManifest.xml:20:5-43
MERGED from [com.android.support:appcompat-v7:23.2.1] AndroidManifest.xml:21:5-23:78
MERGED from [com.android.support:support-v4:23.2.1] AndroidManifest.xml:20:5-43
MERGED from [com.android.support:animated-vector-drawable:23.2.1] AndroidManifest.xml:5:5-44
MERGED from [com.android.support:support-vector-drawable:23.2.1] AndroidManifest.xml:5:5-43
MERGED from [com.android.support:support-v4:23.2.1] AndroidManifest.xml:20:5-43
MERGED from [com.android.support:support-vector-drawable:23.2.1] AndroidManifest.xml:5:5-43
MERGED from [com.android.support:support-v4:23.2.1] AndroidManifest.xml:20:5-43
MERGED from [com.android.support:recyclerview-v7:23.2.1] AndroidManifest.xml:20:5-43
MERGED from [com.android.support:support-v4:23.2.1] AndroidManifest.xml:20:5-43
MERGED from [me.dm7.barcodescanner:zxing:1.8.4] AndroidManifest.xml:7:5-9:41
MERGED from [me.dm7.barcodescanner:core:1.8.4] AndroidManifest.xml:7:5-9:41
MERGED from [com.android.support:support-v4:23.2.1] AndroidManifest.xml:20:5-43
	tools:overrideLibrary
		ADDED from [com.android.support:appcompat-v7:23.2.1] AndroidManifest.xml:23:9-75
	android:targetSdkVersion
		ADDED from src/main/AndroidManifest.xml:10:9-38
		INJECTED from src/main/AndroidManifest.xml
		INJECTED from src/main/AndroidManifest.xml
	android:minSdkVersion
		ADDED from src/main/AndroidManifest.xml:9:9-35
		INJECTED from src/main/AndroidManifest.xml
		INJECTED from src/main/AndroidManifest.xml
uses-permission#android.permission.INTERNET
ADDED from src/main/AndroidManifest.xml:12:5-67
	android:name
		ADDED from src/main/AndroidManifest.xml:12:22-64
uses-permission#android.permission.RECORD_AUDIO
ADDED from src/main/AndroidManifest.xml:13:5-71
	android:name
		ADDED from src/main/AndroidManifest.xml:13:22-68
uses-permission#android.permission.WRITE_EXTERNAL_STORAGE
ADDED from src/main/AndroidManifest.xml:14:5-81
	android:name
		ADDED from src/main/AndroidManifest.xml:14:22-78
uses-permission#android.permission.CAMERA
ADDED from src/main/AndroidManifest.xml:15:5-65
	android:name
		ADDED from src/main/AndroidManifest.xml:15:22-62
uses-feature#0x00020000
ADDED from src/main/AndroidManifest.xml:17:5-54
	android:glEsVersion
		ADDED from src/main/AndroidManifest.xml:17:19-51
uses-feature#android.hardware.microphone
ADDED from src/main/AndroidManifest.xml:18:5-20:36
	android:required
		ADDED from src/main/AndroidManifest.xml:20:9-33
	android:name
		ADDED from src/main/AndroidManifest.xml:19:9-51
uses-feature#android.hardware.touchscreen
ADDED from src/main/AndroidManifest.xml:21:5-23:36
	android:required
		ADDED from src/main/AndroidManifest.xml:23:9-33
	android:name
		ADDED from src/main/AndroidManifest.xml:22:9-52
uses-feature#android.hardware.touchscreen.multitouch
ADDED from src/main/AndroidManifest.xml:24:5-26:36
	android:required
		ADDED from src/main/AndroidManifest.xml:26:9-33
	android:name
		ADDED from src/main/AndroidManifest.xml:25:9-63
uses-feature#android.hardware.touchscreen.multitouch.distinct
ADDED from src/main/AndroidManifest.xml:27:5-29:36
	android:required
		ADDED from src/main/AndroidManifest.xml:29:9-33
	android:name
		ADDED from src/main/AndroidManifest.xml:28:9-72
android:uses-permission#android.permission.READ_PHONE_STATE
ADDED from src/main/AndroidManifest.xml:31:5-83
	android:name
		ADDED from src/main/AndroidManifest.xml:31:30-80
android:uses-permission#android.permission.READ_EXTERNAL_STORAGE
ADDED from src/main/AndroidManifest.xml:32:5-88
	android:name
		ADDED from src/main/AndroidManifest.xml:32:30-85
application
ADDED from src/main/AndroidManifest.xml:34:5-57:19
MERGED from [com.android.volley:volley:1.0.0] AndroidManifest.xml:9:5-20
MERGED from [com.android.support:design:23.2.1] AndroidManifest.xml:22:5-20
MERGED from [com.android.support:support-v4:23.2.1] AndroidManifest.xml:22:5-20
MERGED from [com.android.support:appcompat-v7:23.2.1] AndroidManifest.xml:25:5-20
MERGED from [com.android.support:support-v4:23.2.1] AndroidManifest.xml:22:5-20
MERGED from [com.android.support:animated-vector-drawable:23.2.1] AndroidManifest.xml:7:5-20
MERGED from [com.android.support:support-vector-drawable:23.2.1] AndroidManifest.xml:7:5-20
MERGED from [com.android.support:support-v4:23.2.1] AndroidManifest.xml:22:5-20
MERGED from [com.android.support:support-vector-drawable:23.2.1] AndroidManifest.xml:7:5-20
MERGED from [com.android.support:support-v4:23.2.1] AndroidManifest.xml:22:5-20
MERGED from [com.android.support:support-v4:23.2.1] AndroidManifest.xml:22:5-20
MERGED from [me.dm7.barcodescanner:zxing:1.8.4] AndroidManifest.xml:11:5-20
MERGED from [me.dm7.barcodescanner:core:1.8.4] AndroidManifest.xml:11:5-20
MERGED from [com.android.support:support-v4:23.2.1] AndroidManifest.xml:22:5-20
	android:label
		ADDED from src/main/AndroidManifest.xml:39:9-41
	android:debuggable
		ADDED from src/main/AndroidManifest.xml:36:9-34
	android:icon
		ADDED from src/main/AndroidManifest.xml:37:9-46
	android:banner
		ADDED from src/main/AndroidManifest.xml:35:9-46
	android:isGame
		ADDED from src/main/AndroidManifest.xml:38:9-30
activity#com.DefaultCompany.TestProj.UnityPlayerActivity
ADDED from src/main/AndroidManifest.xml:40:9-45:63
	android:screenOrientation
		ADDED from src/main/AndroidManifest.xml:45:13-51
	android:label
		ADDED from src/main/AndroidManifest.xml:43:13-45
	android:launchMode
		ADDED from src/main/AndroidManifest.xml:44:13-44
	android:configChanges
		ADDED from src/main/AndroidManifest.xml:42:13-170
	android:name
		ADDED from src/main/AndroidManifest.xml:41:13-48
activity#com.DefaultCompany.TestProj.SignUpActivity
ADDED from src/main/AndroidManifest.xml:46:9-52
	android:name
		ADDED from src/main/AndroidManifest.xml:46:19-49
activity#com.DefaultCompany.TestProj.MainActivity
ADDED from src/main/AndroidManifest.xml:47:9-50
	android:name
		ADDED from src/main/AndroidManifest.xml:47:19-47
activity#com.DefaultCompany.TestProj.LoginActivity
ADDED from src/main/AndroidManifest.xml:48:9-55:20
	android:name
		ADDED from src/main/AndroidManifest.xml:48:19-48
intent-filter#android.intent.action.MAIN+android.intent.category.LAUNCHER+android.intent.category.LEANBACK_LAUNCHER
ADDED from src/main/AndroidManifest.xml:49:13-54:29
action#android.intent.action.MAIN
ADDED from src/main/AndroidManifest.xml:50:17-69
	android:name
		ADDED from src/main/AndroidManifest.xml:50:25-66
category#android.intent.category.LAUNCHER
ADDED from src/main/AndroidManifest.xml:52:17-77
	android:name
		ADDED from src/main/AndroidManifest.xml:52:27-74
category#android.intent.category.LEANBACK_LAUNCHER
ADDED from src/main/AndroidManifest.xml:53:17-86
	android:name
		ADDED from src/main/AndroidManifest.xml:53:27-83
activity#com.DefaultCompany.TestProj.WebViewActivity
ADDED from src/main/AndroidManifest.xml:56:9-62
	android:name
		ADDED from src/main/AndroidManifest.xml:56:19-50